2019-03-05 22:57:23 INFO TransactionalMessageCheckService - Start transaction check service thread!
2019-03-05 22:58:23 INFO TransactionalMessageCheckService - Begin to check prepare message, begin time:1551797903548
2019-03-05 22:58:23 INFO TransactionalMessageCheckService - Check topic=RMQ_SYS_TRANS_HALF_TOPIC, queues=[MessageQueue [topic=RMQ_SYS_TRANS_HALF_TOPIC, brokerName=e46b0b9bebe4, queueId=0]]
2019-03-05 22:58:23 INFO TransactionalMessageCheckService - Before check, the queue=MessageQueue [topic=RMQ_SYS_TRANS_HALF_TOPIC, brokerName=e46b0b9bebe4, queueId=0] msgOffset=0 opOffset=0
2019-03-05 22:58:23 WARN TransactionalMessageCheckService - No new message. GetMessageStatus=NO_MESSAGE_IN_QUEUE, topic=RMQ_SYS_TRANS_OP_HALF_TOPIC, groupId=CID_RMQ_SYS_TRANS, requestOffset=0
2019-03-05 22:58:23 WARN TransactionalMessageCheckService - The miss op offset=0 in queue=MessageQueue [topic=RMQ_SYS_TRANS_OP_HALF_TOPIC, brokerName=e46b0b9bebe4, queueId=0] is NO_NEW_MSG, pullResult=PullResult [pullStatus=NO_NEW_MSG, nextBeginOffset=0, minOffset=0, maxOffset=0, msgFoundList=0]
2019-03-05 22:58:23 WARN TransactionalMessageCheckService - No new message. GetMessageStatus=NO_MESSAGE_IN_QUEUE, topic=RMQ_SYS_TRANS_HALF_TOPIC, groupId=CID_RMQ_SYS_TRANS, requestOffset=0
2019-03-05 22:58:23 INFO TransactionalMessageCheckService - No new msg, the miss offset=0 in=MessageQueue [topic=RMQ_SYS_TRANS_HALF_TOPIC, brokerName=e46b0b9bebe4, queueId=0], continue check=2, pull result=PullResult [pullStatus=NO_NEW_MSG, nextBeginOffset=0, minOffset=0, maxOffset=0, msgFoundList=0]
2019-03-05 22:58:23 INFO TransactionalMessageCheckService - End to check prepare message, consumed time:37
2019-03-05 22:59:23 INFO TransactionalMessageCheckService - Begin to check prepare message, begin time:1551797963540
2019-03-05 22:59:23 INFO TransactionalMessageCheckService - Check topic=RMQ_SYS_TRANS_HALF_TOPIC, queues=[MessageQueue [topic=RMQ_SYS_TRANS_HALF_TOPIC, brokerName=e46b0b9bebe4, queueId=0]]
2019-03-05 22:59:23 INFO TransactionalMessageCheckService - Before check, the queue=MessageQueue [topic=RMQ_SYS_TRANS_HALF_TOPIC, brokerName=e46b0b9bebe4, queueId=0] msgOffset=0 opOffset=0
2019-03-05 22:59:23 WARN TransactionalMessageCheckService - No new message. GetMessageStatus=NO_MESSAGE_IN_QUEUE, topic=RMQ_SYS_TRANS_OP_HALF_TOPIC, groupId=CID_RMQ_SYS_TRANS, requestOffset=0
2019-03-05 22:59:23 WARN TransactionalMessageCheckService - The miss op offset=0 in queue=MessageQueue [topic=RMQ_SYS_TRANS_OP_HALF_TOPIC, brokerName=e46b0b9bebe4, queueId=0] is NO_NEW_MSG, pullResult=PullResult [pullStatus=NO_NEW_MSG, nextBeginOffset=0, minOffset=0, maxOffset=0, msgFoundList=0]
2019-03-05 22:59:23 WARN TransactionalMessageCheckService - No new message. GetMessageStatus=NO_MESSAGE_IN_QUEUE, topic=RMQ_SYS_TRANS_HALF_TOPIC, groupId=CID_RMQ_SYS_TRANS, requestOffset=0
2019-03-05 22:59:23 INFO TransactionalMessageCheckService - No new msg, the miss offset=0 in=MessageQueue [topic=RMQ_SYS_TRANS_HALF_TOPIC, brokerName=e46b0b9bebe4, queueId=0], continue check=2, pull result=PullResult [pullStatus=NO_NEW_MSG, nextBeginOffset=0, minOffset=0, maxOffset=0, msgFoundList=0]
2019-03-05 22:59:23 INFO TransactionalMessageCheckService - End to check prepare message, consumed time:3
2019-03-05 23:00:23 INFO TransactionalMessageCheckService - Begin to check prepare message, begin time:1551798023499
2019-03-05 23:00:23 INFO TransactionalMessageCheckService - Check topic=RMQ_SYS_TRANS_HALF_TOPIC, queues=[MessageQueue [topic=RMQ_SYS_TRANS_HALF_TOPIC, brokerName=e46b0b9bebe4, queueId=0]]
2019-03-05 23:00:23 INFO TransactionalMessageCheckService - Before check, the queue=MessageQueue [topic=RMQ_SYS_TRANS_HALF_TOPIC, brokerName=e46b0b9bebe4, queueId=0] msgOffset=0 opOffset=0
2019-03-05 23:00:23 WARN TransactionalMessageCheckService - No new message. GetMessageStatus=NO_MESSAGE_IN_QUEUE, topic=RMQ_SYS_TRANS_OP_HALF_TOPIC, groupId=CID_RMQ_SYS_TRANS, requestOffset=0
2019-03-05 23:00:23 WARN TransactionalMessageCheckService - The miss op offset=0 in queue=MessageQueue [topic=RMQ_SYS_TRANS_OP_HALF_TOPIC, brokerName=e46b0b9bebe4, queueId=0] is NO_NEW_MSG, pullResult=PullResult [pullStatus=NO_NEW_MSG, nextBeginOffset=0, minOffset=0, maxOffset=0, msgFoundList=0]
2019-03-05 23:00:23 WARN TransactionalMessageCheckService - No new message. GetMessageStatus=NO_MESSAGE_IN_QUEUE, topic=RMQ_SYS_TRANS_HALF_TOPIC, groupId=CID_RMQ_SYS_TRANS, requestOffset=0
2019-03-05 23:00:23 INFO TransactionalMessageCheckService - No new msg, the miss offset=0 in=MessageQueue [topic=RMQ_SYS_TRANS_HALF_TOPIC, brokerName=e46b0b9bebe4, queueId=0], continue check=2, pull result=PullResult [pullStatus=NO_NEW_MSG, nextBeginOffset=0, minOffset=0, maxOffset=0, msgFoundList=0]
2019-03-05 23:00:23 INFO TransactionalMessageCheckService - End to check prepare message, consumed time:1
2019-03-05 23:01:23 INFO TransactionalMessageCheckService - Begin to check prepare message, begin time:1551798083457
2019-03-05 23:01:23 INFO TransactionalMessageCheckService - Check topic=RMQ_SYS_TRANS_HALF_TOPIC, queues=[MessageQueue [topic=RMQ_SYS_TRANS_HALF_TOPIC, brokerName=e46b0b9bebe4, queueId=0]]
2019-03-05 23:01:23 INFO TransactionalMessageCheckService - Before check, the queue=MessageQueue [topic=RMQ_SYS_TRANS_HALF_TOPIC, brokerName=e46b0b9bebe4, queueId=0] msgOffset=0 opOffset=0
2019-03-05 23:01:23 WARN TransactionalMessageCheckService - No new message. GetMessageStatus=NO_MESSAGE_IN_QUEUE, topic=RMQ_SYS_TRANS_OP_HALF_TOPIC, groupId=CID_RMQ_SYS_TRANS, requestOffset=0
2019-03-05 23:01:23 WARN TransactionalMessageCheckService - The miss op offset=0 in queue=MessageQueue [topic=RMQ_SYS_TRANS_OP_HALF_TOPIC, brokerName=e46b0b9bebe4, queueId=0] is NO_NEW_MSG, pullResult=PullResult [pullStatus=NO_NEW_MSG, nextBeginOffset=0, minOffset=0, maxOffset=0, msgFoundList=0]
2019-03-05 23:01:23 WARN TransactionalMessageCheckService - No new message. GetMessageStatus=NO_MESSAGE_IN_QUEUE, topic=RMQ_SYS_TRANS_HALF_TOPIC, groupId=CID_RMQ_SYS_TRANS, requestOffset=0
2019-03-05 23:01:23 INFO TransactionalMessageCheckService - No new msg, the miss offset=0 in=MessageQueue [topic=RMQ_SYS_TRANS_HALF_TOPIC, brokerName=e46b0b9bebe4, queueId=0], continue check=2, pull result=PullResult [pullStatus=NO_NEW_MSG, nextBeginOffset=0, minOffset=0, maxOffset=0, msgFoundList=0]
2019-03-05 23:01:23 INFO TransactionalMessageCheckService - End to check prepare message, consumed time:0
2019-03-05 23:02:23 INFO TransactionalMessageCheckService - Begin to check prepare message, begin time:1551798143412
2019-03-05 23:02:23 INFO TransactionalMessageCheckService - Check topic=RMQ_SYS_TRANS_HALF_TOPIC, queues=[MessageQueue [topic=RMQ_SYS_TRANS_HALF_TOPIC, brokerName=e46b0b9bebe4, queueId=0]]
2019-03-05 23:02:23 INFO TransactionalMessageCheckService - Before check, the queue=MessageQueue [topic=RMQ_SYS_TRANS_HALF_TOPIC, brokerName=e46b0b9bebe4, queueId=0] msgOffset=0 opOffset=0
2019-03-05 23:02:23 WARN TransactionalMessageCheckService - No new message. GetMessageStatus=NO_MESSAGE_IN_QUEUE, topic=RMQ_SYS_TRANS_OP_HALF_TOPIC, groupId=CID_RMQ_SYS_TRANS, requestOffset=0
2019-03-05 23:02:23 WARN TransactionalMessageCheckService - The miss op offset=0 in queue=MessageQueue [topic=RMQ_SYS_TRANS_OP_HALF_TOPIC, brokerName=e46b0b9bebe4, queueId=0] is NO_NEW_MSG, pullResult=PullResult [pullStatus=NO_NEW_MSG, nextBeginOffset=0, minOffset=0, maxOffset=0, msgFoundList=0]
2019-03-05 23:02:23 WARN TransactionalMessageCheckService - No new message. GetMessageStatus=NO_MESSAGE_IN_QUEUE, topic=RMQ_SYS_TRANS_HALF_TOPIC, groupId=CID_RMQ_SYS_TRANS, requestOffset=0
2019-03-05 23:02:23 INFO TransactionalMessageCheckService - No new msg, the miss offset=0 in=MessageQueue [topic=RMQ_SYS_TRANS_HALF_TOPIC, brokerName=e46b0b9bebe4, queueId=0], continue check=2, pull result=PullResult [pullStatus=NO_NEW_MSG, nextBeginOffset=0, minOffset=0, maxOffset=0, msgFoundList=0]
2019-03-05 23:02:23 INFO TransactionalMessageCheckService - End to check prepare message, consumed time:1
2019-03-05 23:03:23 INFO TransactionalMessageCheckService - Begin to check prepare message, begin time:1551798203368
2019-03-05 23:03:23 INFO TransactionalMessageCheckService - Check topic=RMQ_SYS_TRANS_HALF_TOPIC, queues=[MessageQueue [topic=RMQ_SYS_TRANS_HALF_TOPIC, brokerName=e46b0b9bebe4, queueId=0]]
2019-03-05 23:03:23 INFO TransactionalMessageCheckService - Before check, the queue=MessageQueue [topic=RMQ_SYS_TRANS_HALF_TOPIC, brokerName=e46b0b9bebe4, queueId=0] msgOffset=0 opOffset=0
2019-03-05 23:03:23 WARN TransactionalMessageCheckService - No new message. GetMessageStatus=NO_MESSAGE_IN_QUEUE, topic=RMQ_SYS_TRANS_OP_HALF_TOPIC, groupId=CID_RMQ_SYS_TRANS, requestOffset=0
2019-03-05 23:03:23 WARN TransactionalMessageCheckService - The miss op offset=0 in queue=MessageQueue [topic=RMQ_SYS_TRANS_OP_HALF_TOPIC, brokerName=e46b0b9bebe4, queueId=0] is NO_NEW_MSG, pullResult=PullResult [pullStatus=NO_NEW_MSG, nextBeginOffset=0, minOffset=0, maxOffset=0, msgFoundList=0]
2019-03-05 23:03:23 WARN TransactionalMessageCheckService - No new message. GetMessageStatus=NO_MESSAGE_IN_QUEUE, topic=RMQ_SYS_TRANS_HALF_TOPIC, groupId=CID_RMQ_SYS_TRANS, requestOffset=0
2019-03-05 23:03:23 INFO TransactionalMessageCheckService - No new msg, the miss offset=0 in=MessageQueue [topic=RMQ_SYS_TRANS_HALF_TOPIC, brokerName=e46b0b9bebe4, queueId=0], continue check=2, pull result=PullResult [pullStatus=NO_NEW_MSG, nextBeginOffset=0, minOffset=0, maxOffset=0, msgFoundList=0]
2019-03-05 23:03:23 INFO TransactionalMessageCheckService - End to check prepare message, consumed time:0
2019-03-05 23:04:23 INFO TransactionalMessageCheckService - Begin to check prepare message, begin time:1551798263324
2019-03-05 23:04:23 INFO TransactionalMessageCheckService - Check topic=RMQ_SYS_TRANS_HALF_TOPIC, queues=[MessageQueue [topic=RMQ_SYS_TRANS_HALF_TOPIC, brokerName=e46b0b9bebe4, queueId=0]]
2019-03-05 23:04:23 INFO TransactionalMessageCheckService - Before check, the queue=MessageQueue [topic=RMQ_SYS_TRANS_HALF_TOPIC, brokerName=e46b0b9bebe4, queueId=0] msgOffset=0 opOffset=0
2019-03-05 23:04:23 WARN TransactionalMessageCheckService - No new message. GetMessageStatus=NO_MESSAGE_IN_QUEUE, topic=RMQ_SYS_TRANS_OP_HALF_TOPIC, groupId=CID_RMQ_SYS_TRANS, requestOffset=0
2019-03-05 23:04:23 WARN TransactionalMessageCheckService - The miss op offset=0 in queue=MessageQueue [topic=RMQ_SYS_TRANS_OP_HALF_TOPIC, brokerName=e46b0b9bebe4, queueId=0] is NO_NEW_MSG, pullResult=PullResult [pullStatus=NO_NEW_MSG, nextBeginOffset=0, minOffset=0, maxOffset=0, msgFoundList=0]
2019-03-05 23:04:23 WARN TransactionalMessageCheckService - No new message. GetMessageStatus=NO_MESSAGE_IN_QUEUE, topic=RMQ_SYS_TRANS_HALF_TOPIC, groupId=CID_RMQ_SYS_TRANS, requestOffset=0
2019-03-05 23:04:23 INFO TransactionalMessageCheckService - No new msg, the miss offset=0 in=MessageQueue [topic=RMQ_SYS_TRANS_HALF_TOPIC, brokerName=e46b0b9bebe4, queueId=0], continue check=2, pull result=PullResult [pullStatus=NO_NEW_MSG, nextBeginOffset=0, minOffset=0, maxOffset=0, msgFoundList=0]
2019-03-05 23:04:23 INFO TransactionalMessageCheckService - End to check prepare message, consumed time:0
2019-03-05 23:05:23 INFO TransactionalMessageCheckService - Begin to check prepare message, begin time:1551798323278
2019-03-05 23:05:23 INFO TransactionalMessageCheckService - Check topic=RMQ_SYS_TRANS_HALF_TOPIC, queues=[MessageQueue [topic=RMQ_SYS_TRANS_HALF_TOPIC, brokerName=e46b0b9bebe4, queueId=0]]
2019-03-05 23:05:23 INFO TransactionalMessageCheckService - Before check, the queue=MessageQueue [topic=RMQ_SYS_TRANS_HALF_TOPIC, brokerName=e46b0b9bebe4, queueId=0] msgOffset=0 opOffset=0
2019-03-05 23:05:23 WARN TransactionalMessageCheckService - No new message. GetMessageStatus=NO_MESSAGE_IN_QUEUE, topic=RMQ_SYS_TRANS_OP_HALF_TOPIC, groupId=CID_RMQ_SYS_TRANS, requestOffset=0
2019-03-05 23:05:23 WARN TransactionalMessageCheckService - The miss op offset=0 in queue=MessageQueue [topic=RMQ_SYS_TRANS_OP_HALF_TOPIC, brokerName=e46b0b9bebe4, queueId=0] is NO_NEW_MSG, pullResult=PullResult [pullStatus=NO_NEW_MSG, nextBeginOffset=0, minOffset=0, maxOffset=0, msgFoundList=0]
2019-03-05 23:05:23 WARN TransactionalMessageCheckService - No new message. GetMessageStatus=NO_MESSAGE_IN_QUEUE, topic=RMQ_SYS_TRANS_HALF_TOPIC, groupId=CID_RMQ_SYS_TRANS, requestOffset=0
2019-03-05 23:05:23 INFO TransactionalMessageCheckService - No new msg, the miss offset=0 in=MessageQueue [topic=RMQ_SYS_TRANS_HALF_TOPIC, brokerName=e46b0b9bebe4, queueId=0], continue check=2, pull result=PullResult [pullStatus=NO_NEW_MSG, nextBeginOffset=0, minOffset=0, maxOffset=0, msgFoundList=0]
2019-03-05 23:05:23 INFO TransactionalMessageCheckService - End to check prepare message, consumed time:1
2019-03-05 23:06:23 INFO TransactionalMessageCheckService - Begin to check prepare message, begin time:1551798383234
2019-03-05 23:06:23 INFO TransactionalMessageCheckService - Check topic=RMQ_SYS_TRANS_HALF_TOPIC, queues=[MessageQueue [topic=RMQ_SYS_TRANS_HALF_TOPIC, brokerName=e46b0b9bebe4, queueId=0]]
2019-03-05 23:06:23 INFO TransactionalMessageCheckService - Before check, the queue=MessageQueue [topic=RMQ_SYS_TRANS_HALF_TOPIC, brokerName=e46b0b9bebe4, queueId=0] msgOffset=0 opOffset=0
2019-03-05 23:06:23 WARN TransactionalMessageCheckService - No new message. GetMessageStatus=NO_MESSAGE_IN_QUEUE, topic=RMQ_SYS_TRANS_OP_HALF_TOPIC, groupId=CID_RMQ_SYS_TRANS, requestOffset=0
2019-03-05 23:06:23 WARN TransactionalMessageCheckService - The miss op offset=0 in queue=MessageQueue [topic=RMQ_SYS_TRANS_OP_HALF_TOPIC, brokerName=e46b0b9bebe4, queueId=0] is NO_NEW_MSG, pullResult=PullResult [pullStatus=NO_NEW_MSG, nextBeginOffset=0, minOffset=0, maxOffset=0, msgFoundList=0]
2019-03-05 23:06:23 WARN TransactionalMessageCheckService - No new message. GetMessageStatus=NO_MESSAGE_IN_QUEUE, topic=RMQ_SYS_TRANS_HALF_TOPIC, groupId=CID_RMQ_SYS_TRANS, requestOffset=0
2019-03-05 23:06:23 INFO TransactionalMessageCheckService - No new msg, the miss offset=0 in=MessageQueue [topic=RMQ_SYS_TRANS_HALF_TOPIC, brokerName=e46b0b9bebe4, queueId=0], continue check=2, pull result=PullResult [pullStatus=NO_NEW_MSG, nextBeginOffset=0, minOffset=0, maxOffset=0, msgFoundList=0]
2019-03-05 23:06:23 INFO TransactionalMessageCheckService - End to check prepare message, consumed time:0
2019-03-05 23:07:23 INFO TransactionalMessageCheckService - Begin to check prepare message, begin time:1551798443189
2019-03-05 23:07:23 INFO TransactionalMessageCheckService - Check topic=RMQ_SYS_TRANS_HALF_TOPIC, queues=[MessageQueue [topic=RMQ_SYS_TRANS_HALF_TOPIC, brokerName=e46b0b9bebe4, queueId=0]]
2019-03-05 23:07:23 INFO TransactionalMessageCheckService - Before check, the queue=MessageQueue [topic=RMQ_SYS_TRANS_HALF_TOPIC, brokerName=e46b0b9bebe4, queueId=0] msgOffset=0 opOffset=0
2019-03-05 23:07:23 WARN TransactionalMessageCheckService - No new message. GetMessageStatus=NO_MESSAGE_IN_QUEUE, topic=RMQ_SYS_TRANS_OP_HALF_TOPIC, groupId=CID_RMQ_SYS_TRANS, requestOffset=0
2019-03-05 23:07:23 WARN TransactionalMessageCheckService - The miss op offset=0 in queue=MessageQueue [topic=RMQ_SYS_TRANS_OP_HALF_TOPIC, brokerName=e46b0b9bebe4, queueId=0] is NO_NEW_MSG, pullResult=PullResult [pullStatus=NO_NEW_MSG, nextBeginOffset=0, minOffset=0, maxOffset=0, msgFoundList=0]
2019-03-05 23:07:23 WARN TransactionalMessageCheckService - No new message. GetMessageStatus=NO_MESSAGE_IN_QUEUE, topic=RMQ_SYS_TRANS_HALF_TOPIC, groupId=CID_RMQ_SYS_TRANS, requestOffset=0
2019-03-05 23:07:23 INFO TransactionalMessageCheckService - No new msg, the miss offset=0 in=MessageQueue [topic=RMQ_SYS_TRANS_HALF_TOPIC, brokerName=e46b0b9bebe4, queueId=0], continue check=2, pull result=PullResult [pullStatus=NO_NEW_MSG, nextBeginOffset=0, minOffset=0, maxOffset=0, msgFoundList=0]
2019-03-05 23:07:23 INFO TransactionalMessageCheckService - End to check prepare message, consumed time:0
2019-03-05 23:08:23 INFO TransactionalMessageCheckService - Begin to check prepare message, begin time:1551798503145
2019-03-05 23:08:23 INFO TransactionalMessageCheckService - Check topic=RMQ_SYS_TRANS_HALF_TOPIC, queues=[MessageQueue [topic=RMQ_SYS_TRANS_HALF_TOPIC, brokerName=e46b0b9bebe4, queueId=0]]
2019-03-05 23:08:23 INFO TransactionalMessageCheckService - Before check, the queue=MessageQueue [topic=RMQ_SYS_TRANS_HALF_TOPIC, brokerName=e46b0b9bebe4, queueId=0] msgOffset=0 opOffset=0
2019-03-05 23:08:23 WARN TransactionalMessageCheckService - No new message. GetMessageStatus=NO_MESSAGE_IN_QUEUE, topic=RMQ_SYS_TRANS_OP_HALF_TOPIC, groupId=CID_RMQ_SYS_TRANS, requestOffset=0
2019-03-05 23:08:23 WARN TransactionalMessageCheckService - The miss op offset=0 in queue=MessageQueue [topic=RMQ_SYS_TRANS_OP_HALF_TOPIC, brokerName=e46b0b9bebe4, queueId=0] is NO_NEW_MSG, pullResult=PullResult [pullStatus=NO_NEW_MSG, nextBeginOffset=0, minOffset=0, maxOffset=0, msgFoundList=0]
2019-03-05 23:08:23 WARN TransactionalMessageCheckService - No new message. GetMessageStatus=NO_MESSAGE_IN_QUEUE, topic=RMQ_SYS_TRANS_HALF_TOPIC, groupId=CID_RMQ_SYS_TRANS, requestOffset=0
2019-03-05 23:08:23 INFO TransactionalMessageCheckService - No new msg, the miss offset=0 in=MessageQueue [topic=RMQ_SYS_TRANS_HALF_TOPIC, brokerName=e46b0b9bebe4, queueId=0], continue check=2, pull result=PullResult [pullStatus=NO_NEW_MSG, nextBeginOffset=0, minOffset=0, maxOffset=0, msgFoundList=0]
2019-03-05 23:08:23 INFO TransactionalMessageCheckService - End to check prepare message, consumed time:2
2019-03-05 23:09:23 INFO TransactionalMessageCheckService - Begin to check prepare message, begin time:1551798563107
2019-03-05 23:09:23 INFO TransactionalMessageCheckService - Check topic=RMQ_SYS_TRANS_HALF_TOPIC, queues=[MessageQueue [topic=RMQ_SYS_TRANS_HALF_TOPIC, brokerName=e46b0b9bebe4, queueId=0]]
2019-03-05 23:09:23 INFO TransactionalMessageCheckService - Before check, the queue=MessageQueue [topic=RMQ_SYS_TRANS_HALF_TOPIC, brokerName=e46b0b9bebe4, queueId=0] msgOffset=0 opOffset=0
2019-03-05 23:09:23 WARN TransactionalMessageCheckService - No new message. GetMessageStatus=NO_MESSAGE_IN_QUEUE, topic=RMQ_SYS_TRANS_OP_HALF_TOPIC, groupId=CID_RMQ_SYS_TRANS, requestOffset=0
2019-03-05 23:09:23 WARN TransactionalMessageCheckService - The miss op offset=0 in queue=MessageQueue [topic=RMQ_SYS_TRANS_OP_HALF_TOPIC, brokerName=e46b0b9bebe4, queueId=0] is NO_NEW_MSG, pullResult=PullResult [pullStatus=NO_NEW_MSG, nextBeginOffset=0, minOffset=0, maxOffset=0, msgFoundList=0]
2019-03-05 23:09:23 WARN TransactionalMessageCheckService - No new message. GetMessageStatus=NO_MESSAGE_IN_QUEUE, topic=RMQ_SYS_TRANS_HALF_TOPIC, groupId=CID_RMQ_SYS_TRANS, requestOffset=0
2019-03-05 23:09:23 INFO TransactionalMessageCheckService - No new msg, the miss offset=0 in=MessageQueue [topic=RMQ_SYS_TRANS_HALF_TOPIC, brokerName=e46b0b9bebe4, queueId=0], continue check=2, pull result=PullResult [pullStatus=NO_NEW_MSG, nextBeginOffset=0, minOffset=0, maxOffset=0, msgFoundList=0]
2019-03-05 23:09:23 INFO TransactionalMessageCheckService - End to check prepare message, consumed time:5
2019-03-05 23:10:23 INFO TransactionalMessageCheckService - Begin to check prepare message, begin time:1551798623071
2019-03-05 23:10:23 INFO TransactionalMessageCheckService - Check topic=RMQ_SYS_TRANS_HALF_TOPIC, queues=[MessageQueue [topic=RMQ_SYS_TRANS_HALF_TOPIC, brokerName=e46b0b9bebe4, queueId=0]]
2019-03-05 23:10:23 INFO TransactionalMessageCheckService - Before check, the queue=MessageQueue [topic=RMQ_SYS_TRANS_HALF_TOPIC, brokerName=e46b0b9bebe4, queueId=0] msgOffset=0 opOffset=0
2019-03-05 23:10:23 WARN TransactionalMessageCheckService - No new message. GetMessageStatus=NO_MESSAGE_IN_QUEUE, topic=RMQ_SYS_TRANS_OP_HALF_TOPIC, groupId=CID_RMQ_SYS_TRANS, requestOffset=0
2019-03-05 23:10:23 WARN TransactionalMessageCheckService - The miss op offset=0 in queue=MessageQueue [topic=RMQ_SYS_TRANS_OP_HALF_TOPIC, brokerName=e46b0b9bebe4, queueId=0] is NO_NEW_MSG, pullResult=PullResult [pullStatus=NO_NEW_MSG, nextBeginOffset=0, minOffset=0, maxOffset=0, msgFoundList=0]
2019-03-05 23:10:23 WARN TransactionalMessageCheckService - No new message. GetMessageStatus=NO_MESSAGE_IN_QUEUE, topic=RMQ_SYS_TRANS_HALF_TOPIC, groupId=CID_RMQ_SYS_TRANS, requestOffset=0
2019-03-05 23:10:23 INFO TransactionalMessageCheckService - No new msg, the miss offset=0 in=MessageQueue [topic=RMQ_SYS_TRANS_HALF_TOPIC, brokerName=e46b0b9bebe4, queueId=0], continue check=2, pull result=PullResult [pullStatus=NO_NEW_MSG, nextBeginOffset=0, minOffset=0, maxOffset=0, msgFoundList=0]
2019-03-05 23:10:23 INFO TransactionalMessageCheckService - End to check prepare message, consumed time:0
2019-03-05 23:11:23 INFO TransactionalMessageCheckService - Begin to check prepare message, begin time:1551798683066
2019-03-05 23:11:23 INFO TransactionalMessageCheckService - Check topic=RMQ_SYS_TRANS_HALF_TOPIC, queues=[MessageQueue [topic=RMQ_SYS_TRANS_HALF_TOPIC, brokerName=e46b0b9bebe4, queueId=0]]
2019-03-05 23:11:23 INFO TransactionalMessageCheckService - Before check, the queue=MessageQueue [topic=RMQ_SYS_TRANS_HALF_TOPIC, brokerName=e46b0b9bebe4, queueId=0] msgOffset=0 opOffset=0
2019-03-05 23:11:23 WARN TransactionalMessageCheckService - No new message. GetMessageStatus=NO_MESSAGE_IN_QUEUE, topic=RMQ_SYS_TRANS_OP_HALF_TOPIC, groupId=CID_RMQ_SYS_TRANS, requestOffset=0
2019-03-05 23:11:23 WARN TransactionalMessageCheckService - The miss op offset=0 in queue=MessageQueue [topic=RMQ_SYS_TRANS_OP_HALF_TOPIC, brokerName=e46b0b9bebe4, queueId=0] is NO_NEW_MSG, pullResult=PullResult [pullStatus=NO_NEW_MSG, nextBeginOffset=0, minOffset=0, maxOffset=0, msgFoundList=0]
2019-03-05 23:11:23 WARN TransactionalMessageCheckService - No new message. GetMessageStatus=NO_MESSAGE_IN_QUEUE, topic=RMQ_SYS_TRANS_HALF_TOPIC, groupId=CID_RMQ_SYS_TRANS, requestOffset=0
2019-03-05 23:11:23 INFO TransactionalMessageCheckService - No new msg, the miss offset=0 in=MessageQueue [topic=RMQ_SYS_TRANS_HALF_TOPIC, brokerName=e46b0b9bebe4, queueId=0], continue check=2, pull result=PullResult [pullStatus=NO_NEW_MSG, nextBeginOffset=0, minOffset=0, maxOffset=0, msgFoundList=0]
2019-03-05 23:11:23 INFO TransactionalMessageCheckService - End to check prepare message, consumed time:2
2019-03-05 23:12:23 INFO TransactionalMessageCheckService - Begin to check prepare message, begin time:1551798743032
2019-03-05 23:12:23 INFO TransactionalMessageCheckService - Check topic=RMQ_SYS_TRANS_HALF_TOPIC, queues=[MessageQueue [topic=RMQ_SYS_TRANS_HALF_TOPIC, brokerName=e46b0b9bebe4, queueId=0]]
2019-03-05 23:12:23 INFO TransactionalMessageCheckService - Before check, the queue=MessageQueue [topic=RMQ_SYS_TRANS_HALF_TOPIC, brokerName=e46b0b9bebe4, queueId=0] msgOffset=0 opOffset=0
2019-03-05 23:12:23 WARN TransactionalMessageCheckService - No new message. GetMessageStatus=NO_MESSAGE_IN_QUEUE, topic=RMQ_SYS_TRANS_OP_HALF_TOPIC, groupId=CID_RMQ_SYS_TRANS, requestOffset=0
2019-03-05 23:12:23 WARN TransactionalMessageCheckService - The miss op offset=0 in queue=MessageQueue [topic=RMQ_SYS_TRANS_OP_HALF_TOPIC, brokerName=e46b0b9bebe4, queueId=0] is NO_NEW_MSG, pullResult=PullResult [pullStatus=NO_NEW_MSG, nextBeginOffset=0, minOffset=0, maxOffset=0, msgFoundList=0]
2019-03-05 23:12:23 WARN TransactionalMessageCheckService - No new message. GetMessageStatus=NO_MESSAGE_IN_QUEUE, topic=RMQ_SYS_TRANS_HALF_TOPIC, groupId=CID_RMQ_SYS_TRANS, requestOffset=0
2019-03-05 23:12:23 INFO TransactionalMessageCheckService - No new msg, the miss offset=0 in=MessageQueue [topic=RMQ_SYS_TRANS_HALF_TOPIC, brokerName=e46b0b9bebe4, queueId=0], continue check=2, pull result=PullResult [pullStatus=NO_NEW_MSG, nextBeginOffset=0, minOffset=0, maxOffset=0, msgFoundList=0]
2019-03-05 23:12:23 INFO TransactionalMessageCheckService - End to check prepare message, consumed time:1
2019-03-05 23:13:22 INFO TransactionalMessageCheckService - Begin to check prepare message, begin time:1551798802990
2019-03-05 23:13:22 INFO TransactionalMessageCheckService - Check topic=RMQ_SYS_TRANS_HALF_TOPIC, queues=[MessageQueue [topic=RMQ_SYS_TRANS_HALF_TOPIC, brokerName=e46b0b9bebe4, queueId=0]]
2019-03-05 23:13:22 INFO TransactionalMessageCheckService - Before check, the queue=MessageQueue [topic=RMQ_SYS_TRANS_HALF_TOPIC, brokerName=e46b0b9bebe4, queueId=0] msgOffset=0 opOffset=0
2019-03-05 23:13:22 WARN TransactionalMessageCheckService - No new message. GetMessageStatus=NO_MESSAGE_IN_QUEUE, topic=RMQ_SYS_TRANS_OP_HALF_TOPIC, groupId=CID_RMQ_SYS_TRANS, requestOffset=0
2019-03-05 23:13:22 WARN TransactionalMessageCheckService - The miss op offset=0 in queue=MessageQueue [topic=RMQ_SYS_TRANS_OP_HALF_TOPIC, brokerName=e46b0b9bebe4, queueId=0] is NO_NEW_MSG, pullResult=PullResult [pullStatus=NO_NEW_MSG, nextBeginOffset=0, minOffset=0, maxOffset=0, msgFoundList=0]
2019-03-05 23:13:22 WARN TransactionalMessageCheckService - No new message. GetMessageStatus=NO_MESSAGE_IN_QUEUE, topic=RMQ_SYS_TRANS_HALF_TOPIC, groupId=CID_RMQ_SYS_TRANS, requestOffset=0
2019-03-05 23:13:22 INFO TransactionalMessageCheckService - No new msg, the miss offset=0 in=MessageQueue [topic=RMQ_SYS_TRANS_HALF_TOPIC, brokerName=e46b0b9bebe4, queueId=0], continue check=2, pull result=PullResult [pullStatus=NO_NEW_MSG, nextBeginOffset=0, minOffset=0, maxOffset=0, msgFoundList=0]
2019-03-05 23:13:22 INFO TransactionalMessageCheckService - End to check prepare message, consumed time:3
2019-03-05 23:14:22 INFO TransactionalMessageCheckService - Begin to check prepare message, begin time:1551798862950
2019-03-05 23:14:22 INFO TransactionalMessageCheckService - Check topic=RMQ_SYS_TRANS_HALF_TOPIC, queues=[MessageQueue [topic=RMQ_SYS_TRANS_HALF_TOPIC, brokerName=e46b0b9bebe4, queueId=0]]
2019-03-05 23:14:22 INFO TransactionalMessageCheckService - Before check, the queue=MessageQueue [topic=RMQ_SYS_TRANS_HALF_TOPIC, brokerName=e46b0b9bebe4, queueId=0] msgOffset=0 opOffset=0
2019-03-05 23:14:22 WARN TransactionalMessageCheckService - No new message. GetMessageStatus=NO_MESSAGE_IN_QUEUE, topic=RMQ_SYS_TRANS_OP_HALF_TOPIC, groupId=CID_RMQ_SYS_TRANS, requestOffset=0
2019-03-05 23:14:22 WARN TransactionalMessageCheckService - The miss op offset=0 in queue=MessageQueue [topic=RMQ_SYS_TRANS_OP_HALF_TOPIC, brokerName=e46b0b9bebe4, queueId=0] is NO_NEW_MSG, pullResult=PullResult [pullStatus=NO_NEW_MSG, nextBeginOffset=0, minOffset=0, maxOffset=0, msgFoundList=0]
2019-03-05 23:14:22 WARN TransactionalMessageCheckService - No new message. GetMessageStatus=NO_MESSAGE_IN_QUEUE, topic=RMQ_SYS_TRANS_HALF_TOPIC, groupId=CID_RMQ_SYS_TRANS, requestOffset=0
2019-03-05 23:14:22 INFO TransactionalMessageCheckService - No new msg, the miss offset=0 in=MessageQueue [topic=RMQ_SYS_TRANS_HALF_TOPIC, brokerName=e46b0b9bebe4, queueId=0], continue check=2, pull result=PullResult [pullStatus=NO_NEW_MSG, nextBeginOffset=0, minOffset=0, maxOffset=0, msgFoundList=0]
2019-03-05 23:14:22 INFO TransactionalMessageCheckService - End to check prepare message, consumed time:0
2019-03-05 23:15:22 INFO TransactionalMessageCheckService - Begin to check prepare message, begin time:1551798922908
2019-03-05 23:15:22 INFO TransactionalMessageCheckService - Check topic=RMQ_SYS_TRANS_HALF_TOPIC, queues=[MessageQueue [topic=RMQ_SYS_TRANS_HALF_TOPIC, brokerName=e46b0b9bebe4, queueId=0]]
2019-03-05 23:15:22 INFO TransactionalMessageCheckService - Before check, the queue=MessageQueue [topic=RMQ_SYS_TRANS_HALF_TOPIC, brokerName=e46b0b9bebe4, queueId=0] msgOffset=0 opOffset=0
2019-03-05 23:15:22 WARN TransactionalMessageCheckService - No new message. GetMessageStatus=NO_MESSAGE_IN_QUEUE, topic=RMQ_SYS_TRANS_OP_HALF_TOPIC, groupId=CID_RMQ_SYS_TRANS, requestOffset=0
2019-03-05 23:15:22 WARN TransactionalMessageCheckService - The miss op offset=0 in queue=MessageQueue [topic=RMQ_SYS_TRANS_OP_HALF_TOPIC, brokerName=e46b0b9bebe4, queueId=0] is NO_NEW_MSG, pullResult=PullResult [pullStatus=NO_NEW_MSG, nextBeginOffset=0, minOffset=0, maxOffset=0, msgFoundList=0]
2019-03-05 23:15:22 WARN TransactionalMessageCheckService - No new message. GetMessageStatus=NO_MESSAGE_IN_QUEUE, topic=RMQ_SYS_TRANS_HALF_TOPIC, groupId=CID_RMQ_SYS_TRANS, requestOffset=0
2019-03-05 23:15:22 INFO TransactionalMessageCheckService - No new msg, the miss offset=0 in=MessageQueue [topic=RMQ_SYS_TRANS_HALF_TOPIC, brokerName=e46b0b9bebe4, queueId=0], continue check=2, pull result=PullResult [pullStatus=NO_NEW_MSG, nextBeginOffset=0, minOffset=0, maxOffset=0, msgFoundList=0]
2019-03-05 23:15:22 INFO TransactionalMessageCheckService - End to check prepare message, consumed time:1
2019-03-05 23:16:22 INFO TransactionalMessageCheckService - Begin to check prepare message, begin time:1551798982866
2019-03-05 23:16:22 INFO TransactionalMessageCheckService - Check topic=RMQ_SYS_TRANS_HALF_TOPIC, queues=[MessageQueue [topic=RMQ_SYS_TRANS_HALF_TOPIC, brokerName=e46b0b9bebe4, queueId=0]]
2019-03-05 23:16:22 INFO TransactionalMessageCheckService - Before check, the queue=MessageQueue [topic=RMQ_SYS_TRANS_HALF_TOPIC, brokerName=e46b0b9bebe4, queueId=0] msgOffset=0 opOffset=0
2019-03-05 23:16:22 WARN TransactionalMessageCheckService - No new message. GetMessageStatus=NO_MESSAGE_IN_QUEUE, topic=RMQ_SYS_TRANS_OP_HALF_TOPIC, groupId=CID_RMQ_SYS_TRANS, requestOffset=0
2019-03-05 23:16:22 WARN TransactionalMessageCheckService - The miss op offset=0 in queue=MessageQueue [topic=RMQ_SYS_TRANS_OP_HALF_TOPIC, brokerName=e46b0b9bebe4, queueId=0] is NO_NEW_MSG, pullResult=PullResult [pullStatus=NO_NEW_MSG, nextBeginOffset=0, minOffset=0, maxOffset=0, msgFoundList=0]
2019-03-05 23:16:22 WARN TransactionalMessageCheckService - No new message. GetMessageStatus=NO_MESSAGE_IN_QUEUE, topic=RMQ_SYS_TRANS_HALF_TOPIC, groupId=CID_RMQ_SYS_TRANS, requestOffset=0
2019-03-05 23:16:22 INFO TransactionalMessageCheckService - No new msg, the miss offset=0 in=MessageQueue [topic=RMQ_SYS_TRANS_HALF_TOPIC, brokerName=e46b0b9bebe4, queueId=0], continue check=2, pull result=PullResult [pullStatus=NO_NEW_MSG, nextBeginOffset=0, minOffset=0, maxOffset=0, msgFoundList=0]
2019-03-05 23:16:22 INFO TransactionalMessageCheckService - End to check prepare message, consumed time:1
2019-03-05 23:17:22 INFO TransactionalMessageCheckService - Begin to check prepare message, begin time:1551799042823
2019-03-05 23:17:22 INFO TransactionalMessageCheckService - Check topic=RMQ_SYS_TRANS_HALF_TOPIC, queues=[MessageQueue [topic=RMQ_SYS_TRANS_HALF_TOPIC, brokerName=e46b0b9bebe4, queueId=0]]
2019-03-05 23:17:22 INFO TransactionalMessageCheckService - Before check, the queue=MessageQueue [topic=RMQ_SYS_TRANS_HALF_TOPIC, brokerName=e46b0b9bebe4, queueId=0] msgOffset=0 opOffset=0
2019-03-05 23:17:22 WARN TransactionalMessageCheckService - No new message. GetMessageStatus=NO_MESSAGE_IN_QUEUE, topic=RMQ_SYS_TRANS_OP_HALF_TOPIC, groupId=CID_RMQ_SYS_TRANS, requestOffset=0
2019-03-05 23:17:22 WARN TransactionalMessageCheckService - The miss op offset=0 in queue=MessageQueue [topic=RMQ_SYS_TRANS_OP_HALF_TOPIC, brokerName=e46b0b9bebe4, queueId=0] is NO_NEW_MSG, pullResult=PullResult [pullStatus=NO_NEW_MSG, nextBeginOffset=0, minOffset=0, maxOffset=0, msgFoundList=0]
2019-03-05 23:17:22 WARN TransactionalMessageCheckService - No new message. GetMessageStatus=NO_MESSAGE_IN_QUEUE, topic=RMQ_SYS_TRANS_HALF_TOPIC, groupId=CID_RMQ_SYS_TRANS, requestOffset=0
2019-03-05 23:17:22 INFO TransactionalMessageCheckService - No new msg, the miss offset=0 in=MessageQueue [topic=RMQ_SYS_TRANS_HALF_TOPIC, brokerName=e46b0b9bebe4, queueId=0], continue check=2, pull result=PullResult [pullStatus=NO_NEW_MSG, nextBeginOffset=0, minOffset=0, maxOffset=0, msgFoundList=0]
2019-03-05 23:17:22 INFO TransactionalMessageCheckService - End to check prepare message, consumed time:1
2019-03-05 23:18:22 INFO TransactionalMessageCheckService - Begin to check prepare message, begin time:1551799102781
2019-03-05 23:18:22 INFO TransactionalMessageCheckService - Check topic=RMQ_SYS_TRANS_HALF_TOPIC, queues=[MessageQueue [topic=RMQ_SYS_TRANS_HALF_TOPIC, brokerName=e46b0b9bebe4, queueId=0]]
2019-03-05 23:18:22 INFO TransactionalMessageCheckService - Before check, the queue=MessageQueue [topic=RMQ_SYS_TRANS_HALF_TOPIC, brokerName=e46b0b9bebe4, queueId=0] msgOffset=0 opOffset=0
2019-03-05 23:18:22 WARN TransactionalMessageCheckService - No new message. GetMessageStatus=NO_MESSAGE_IN_QUEUE, topic=RMQ_SYS_TRANS_OP_HALF_TOPIC, groupId=CID_RMQ_SYS_TRANS, requestOffset=0
2019-03-05 23:18:22 WARN TransactionalMessageCheckService - The miss op offset=0 in queue=MessageQueue [topic=RMQ_SYS_TRANS_OP_HALF_TOPIC, brokerName=e46b0b9bebe4, queueId=0] is NO_NEW_MSG, pullResult=PullResult [pullStatus=NO_NEW_MSG, nextBeginOffset=0, minOffset=0, maxOffset=0, msgFoundList=0]
2019-03-05 23:18:22 WARN TransactionalMessageCheckService - No new message. GetMessageStatus=NO_MESSAGE_IN_QUEUE, topic=RMQ_SYS_TRANS_HALF_TOPIC, groupId=CID_RMQ_SYS_TRANS, requestOffset=0
2019-03-05 23:18:22 INFO TransactionalMessageCheckService - No new msg, the miss offset=0 in=MessageQueue [topic=RMQ_SYS_TRANS_HALF_TOPIC, brokerName=e46b0b9bebe4, queueId=0], continue check=2, pull result=PullResult [pullStatus=NO_NEW_MSG, nextBeginOffset=0, minOffset=0, maxOffset=0, msgFoundList=0]
2019-03-05 23:18:22 INFO TransactionalMessageCheckService - End to check prepare message, consumed time:0
2019-03-05 23:19:23 INFO TransactionalMessageCheckService - Begin to check prepare message, begin time:1551799163082
2019-03-05 23:19:23 INFO TransactionalMessageCheckService - Check topic=RMQ_SYS_TRANS_HALF_TOPIC, queues=[MessageQueue [topic=RMQ_SYS_TRANS_HALF_TOPIC, brokerName=e46b0b9bebe4, queueId=0]]
2019-03-05 23:19:23 INFO TransactionalMessageCheckService - Before check, the queue=MessageQueue [topic=RMQ_SYS_TRANS_HALF_TOPIC, brokerName=e46b0b9bebe4, queueId=0] msgOffset=0 opOffset=0
2019-03-05 23:19:23 WARN TransactionalMessageCheckService - No new message. GetMessageStatus=NO_MESSAGE_IN_QUEUE, topic=RMQ_SYS_TRANS_OP_HALF_TOPIC, groupId=CID_RMQ_SYS_TRANS, requestOffset=0
2019-03-05 23:19:23 WARN TransactionalMessageCheckService - The miss op offset=0 in queue=MessageQueue [topic=RMQ_SYS_TRANS_OP_HALF_TOPIC, brokerName=e46b0b9bebe4, queueId=0] is NO_NEW_MSG, pullResult=PullResult [pullStatus=NO_NEW_MSG, nextBeginOffset=0, minOffset=0, maxOffset=0, msgFoundList=0]
2019-03-05 23:19:23 WARN TransactionalMessageCheckService - No new message. GetMessageStatus=NO_MESSAGE_IN_QUEUE, topic=RMQ_SYS_TRANS_HALF_TOPIC, groupId=CID_RMQ_SYS_TRANS, requestOffset=0
2019-03-05 23:19:23 INFO TransactionalMessageCheckService - No new msg, the miss offset=0 in=MessageQueue [topic=RMQ_SYS_TRANS_HALF_TOPIC, brokerName=e46b0b9bebe4, queueId=0], continue check=2, pull result=PullResult [pullStatus=NO_NEW_MSG, nextBeginOffset=0, minOffset=0, maxOffset=0, msgFoundList=0]
2019-03-05 23:19:23 INFO TransactionalMessageCheckService - End to check prepare message, consumed time:5
2019-03-05 23:20:23 INFO TransactionalMessageCheckService - Begin to check prepare message, begin time:1551799223043
2019-03-05 23:20:23 INFO TransactionalMessageCheckService - Check topic=RMQ_SYS_TRANS_HALF_TOPIC, queues=[MessageQueue [topic=RMQ_SYS_TRANS_HALF_TOPIC, brokerName=e46b0b9bebe4, queueId=0]]
2019-03-05 23:20:23 INFO TransactionalMessageCheckService - Before check, the queue=MessageQueue [topic=RMQ_SYS_TRANS_HALF_TOPIC, brokerName=e46b0b9bebe4, queueId=0] msgOffset=0 opOffset=0
2019-03-05 23:20:23 WARN TransactionalMessageCheckService - No new message. GetMessageStatus=NO_MESSAGE_IN_QUEUE, topic=RMQ_SYS_TRANS_OP_HALF_TOPIC, groupId=CID_RMQ_SYS_TRANS, requestOffset=0
2019-03-05 23:20:23 WARN TransactionalMessageCheckService - The miss op offset=0 in queue=MessageQueue [topic=RMQ_SYS_TRANS_OP_HALF_TOPIC, brokerName=e46b0b9bebe4, queueId=0] is NO_NEW_MSG, pullResult=PullResult [pullStatus=NO_NEW_MSG, nextBeginOffset=0, minOffset=0, maxOffset=0, msgFoundList=0]
2019-03-05 23:20:23 WARN TransactionalMessageCheckService - No new message. GetMessageStatus=NO_MESSAGE_IN_QUEUE, topic=RMQ_SYS_TRANS_HALF_TOPIC, groupId=CID_RMQ_SYS_TRANS, requestOffset=0
2019-03-05 23:20:23 INFO TransactionalMessageCheckService - No new msg, the miss offset=0 in=MessageQueue [topic=RMQ_SYS_TRANS_HALF_TOPIC, brokerName=e46b0b9bebe4, queueId=0], continue check=2, pull result=PullResult [pullStatus=NO_NEW_MSG, nextBeginOffset=0, minOffset=0, maxOffset=0, msgFoundList=0]
2019-03-05 23:20:23 INFO TransactionalMessageCheckService - End to check prepare message, consumed time:2
2019-03-05 23:21:23 INFO TransactionalMessageCheckService - Begin to check prepare message, begin time:1551799283001
2019-03-05 23:21:23 INFO TransactionalMessageCheckService - Check topic=RMQ_SYS_TRANS_HALF_TOPIC, queues=[MessageQueue [topic=RMQ_SYS_TRANS_HALF_TOPIC, brokerName=e46b0b9bebe4, queueId=0]]
2019-03-05 23:21:23 INFO TransactionalMessageCheckService - Before check, the queue=MessageQueue [topic=RMQ_SYS_TRANS_HALF_TOPIC, brokerName=e46b0b9bebe4, queueId=0] msgOffset=0 opOffset=0
2019-03-05 23:21:23 WARN TransactionalMessageCheckService - No new message. GetMessageStatus=NO_MESSAGE_IN_QUEUE, topic=RMQ_SYS_TRANS_OP_HALF_TOPIC, groupId=CID_RMQ_SYS_TRANS, requestOffset=0
2019-03-05 23:21:23 WARN TransactionalMessageCheckService - The miss op offset=0 in queue=MessageQueue [topic=RMQ_SYS_TRANS_OP_HALF_TOPIC, brokerName=e46b0b9bebe4, queueId=0] is NO_NEW_MSG, pullResult=PullResult [pullStatus=NO_NEW_MSG, nextBeginOffset=0, minOffset=0, maxOffset=0, msgFoundList=0]
2019-03-05 23:21:23 WARN TransactionalMessageCheckService - No new message. GetMessageStatus=NO_MESSAGE_IN_QUEUE, topic=RMQ_SYS_TRANS_HALF_TOPIC, groupId=CID_RMQ_SYS_TRANS, requestOffset=0
2019-03-05 23:21:23 INFO TransactionalMessageCheckService - No new msg, the miss offset=0 in=MessageQueue [topic=RMQ_SYS_TRANS_HALF_TOPIC, brokerName=e46b0b9bebe4, queueId=0], continue check=2, pull result=PullResult [pullStatus=NO_NEW_MSG, nextBeginOffset=0, minOffset=0, maxOffset=0, msgFoundList=0]
2019-03-05 23:21:23 INFO TransactionalMessageCheckService - End to check prepare message, consumed time:1
2019-03-05 23:22:22 INFO TransactionalMessageCheckService - Begin to check prepare message, begin time:1551799342959
2019-03-05 23:22:22 INFO TransactionalMessageCheckService - Check topic=RMQ_SYS_TRANS_HALF_TOPIC, queues=[MessageQueue [topic=RMQ_SYS_TRANS_HALF_TOPIC, brokerName=e46b0b9bebe4, queueId=0]]
2019-03-05 23:22:22 INFO TransactionalMessageCheckService - Before check, the queue=MessageQueue [topic=RMQ_SYS_TRANS_HALF_TOPIC, brokerName=e46b0b9bebe4, queueId=0] msgOffset=0 opOffset=0
2019-03-05 23:22:22 WARN TransactionalMessageCheckService - No new message. GetMessageStatus=NO_MESSAGE_IN_QUEUE, topic=RMQ_SYS_TRANS_OP_HALF_TOPIC, groupId=CID_RMQ_SYS_TRANS, requestOffset=0
2019-03-05 23:22:22 WARN TransactionalMessageCheckService - The miss op offset=0 in queue=MessageQueue [topic=RMQ_SYS_TRANS_OP_HALF_TOPIC, brokerName=e46b0b9bebe4, queueId=0] is NO_NEW_MSG, pullResult=PullResult [pullStatus=NO_NEW_MSG, nextBeginOffset=0, minOffset=0, maxOffset=0, msgFoundList=0]
2019-03-05 23:22:22 WARN TransactionalMessageCheckService - No new message. GetMessageStatus=NO_MESSAGE_IN_QUEUE, topic=RMQ_SYS_TRANS_HALF_TOPIC, groupId=CID_RMQ_SYS_TRANS, requestOffset=0
2019-03-05 23:22:22 INFO TransactionalMessageCheckService - No new msg, the miss offset=0 in=MessageQueue [topic=RMQ_SYS_TRANS_HALF_TOPIC, brokerName=e46b0b9bebe4, queueId=0], continue check=2, pull result=PullResult [pullStatus=NO_NEW_MSG, nextBeginOffset=0, minOffset=0, maxOffset=0, msgFoundList=0]
2019-03-05 23:22:22 INFO TransactionalMessageCheckService - End to check prepare message, consumed time:0
2019-03-05 23:23:22 INFO TransactionalMessageCheckService - Begin to check prepare message, begin time:1551799402915
2019-03-05 23:23:22 INFO TransactionalMessageCheckService - Check topic=RMQ_SYS_TRANS_HALF_TOPIC, queues=[MessageQueue [topic=RMQ_SYS_TRANS_HALF_TOPIC, brokerName=e46b0b9bebe4, queueId=0]]
2019-03-05 23:23:22 INFO TransactionalMessageCheckService - Before check, the queue=MessageQueue [topic=RMQ_SYS_TRANS_HALF_TOPIC, brokerName=e46b0b9bebe4, queueId=0] msgOffset=0 opOffset=0
2019-03-05 23:23:22 WARN TransactionalMessageCheckService - No new message. GetMessageStatus=NO_MESSAGE_IN_QUEUE, topic=RMQ_SYS_TRANS_OP_HALF_TOPIC, groupId=CID_RMQ_SYS_TRANS, requestOffset=0
2019-03-05 23:23:22 WARN TransactionalMessageCheckService - The miss op offset=0 in queue=MessageQueue [topic=RMQ_SYS_TRANS_OP_HALF_TOPIC, brokerName=e46b0b9bebe4, queueId=0] is NO_NEW_MSG, pullResult=PullResult [pullStatus=NO_NEW_MSG, nextBeginOffset=0, minOffset=0, maxOffset=0, msgFoundList=0]
2019-03-05 23:23:22 WARN TransactionalMessageCheckService - No new message. GetMessageStatus=NO_MESSAGE_IN_QUEUE, topic=RMQ_SYS_TRANS_HALF_TOPIC, groupId=CID_RMQ_SYS_TRANS, requestOffset=0
2019-03-05 23:23:22 INFO TransactionalMessageCheckService - No new msg, the miss offset=0 in=MessageQueue [topic=RMQ_SYS_TRANS_HALF_TOPIC, brokerName=e46b0b9bebe4, queueId=0], continue check=2, pull result=PullResult [pullStatus=NO_NEW_MSG, nextBeginOffset=0, minOffset=0, maxOffset=0, msgFoundList=0]
2019-03-05 23:23:22 INFO TransactionalMessageCheckService - End to check prepare message, consumed time:1
2019-03-05 23:24:22 INFO TransactionalMessageCheckService - Begin to check prepare message, begin time:1551799462873
2019-03-05 23:24:22 INFO TransactionalMessageCheckService - Check topic=RMQ_SYS_TRANS_HALF_TOPIC, queues=[MessageQueue [topic=RMQ_SYS_TRANS_HALF_TOPIC, brokerName=e46b0b9bebe4, queueId=0]]
2019-03-05 23:24:22 INFO TransactionalMessageCheckService - Before check, the queue=MessageQueue [topic=RMQ_SYS_TRANS_HALF_TOPIC, brokerName=e46b0b9bebe4, queueId=0] msgOffset=0 opOffset=0
2019-03-05 23:24:22 WARN TransactionalMessageCheckService - No new message. GetMessageStatus=NO_MESSAGE_IN_QUEUE, topic=RMQ_SYS_TRANS_OP_HALF_TOPIC, groupId=CID_RMQ_SYS_TRANS, requestOffset=0
2019-03-05 23:24:22 WARN TransactionalMessageCheckService - The miss op offset=0 in queue=MessageQueue [topic=RMQ_SYS_TRANS_OP_HALF_TOPIC, brokerName=e46b0b9bebe4, queueId=0] is NO_NEW_MSG, pullResult=PullResult [pullStatus=NO_NEW_MSG, nextBeginOffset=0, minOffset=0, maxOffset=0, msgFoundList=0]
2019-03-05 23:24:22 WARN TransactionalMessageCheckService - No new message. GetMessageStatus=NO_MESSAGE_IN_QUEUE, topic=RMQ_SYS_TRANS_HALF_TOPIC, groupId=CID_RMQ_SYS_TRANS, requestOffset=0
2019-03-05 23:24:22 INFO TransactionalMessageCheckService - No new msg, the miss offset=0 in=MessageQueue [topic=RMQ_SYS_TRANS_HALF_TOPIC, brokerName=e46b0b9bebe4, queueId=0], continue check=2, pull result=PullResult [pullStatus=NO_NEW_MSG, nextBeginOffset=0, minOffset=0, maxOffset=0, msgFoundList=0]
2019-03-05 23:24:22 INFO TransactionalMessageCheckService - End to check prepare message, consumed time:2
2019-03-05 23:25:22 INFO TransactionalMessageCheckService - Begin to check prepare message, begin time:1551799522831
2019-03-05 23:25:22 INFO TransactionalMessageCheckService - Check topic=RMQ_SYS_TRANS_HALF_TOPIC, queues=[MessageQueue [topic=RMQ_SYS_TRANS_HALF_TOPIC, brokerName=e46b0b9bebe4, queueId=0]]
2019-03-05 23:25:22 INFO TransactionalMessageCheckService - Before check, the queue=MessageQueue [topic=RMQ_SYS_TRANS_HALF_TOPIC, brokerName=e46b0b9bebe4, queueId=0] msgOffset=0 opOffset=0
2019-03-05 23:25:22 WARN TransactionalMessageCheckService - No new message. GetMessageStatus=NO_MESSAGE_IN_QUEUE, topic=RMQ_SYS_TRANS_OP_HALF_TOPIC, groupId=CID_RMQ_SYS_TRANS, requestOffset=0
2019-03-05 23:25:22 WARN TransactionalMessageCheckService - The miss op offset=0 in queue=MessageQueue [topic=RMQ_SYS_TRANS_OP_HALF_TOPIC, brokerName=e46b0b9bebe4, queueId=0] is NO_NEW_MSG, pullResult=PullResult [pullStatus=NO_NEW_MSG, nextBeginOffset=0, minOffset=0, maxOffset=0, msgFoundList=0]
2019-03-05 23:25:22 WARN TransactionalMessageCheckService - No new message. GetMessageStatus=NO_MESSAGE_IN_QUEUE, topic=RMQ_SYS_TRANS_HALF_TOPIC, groupId=CID_RMQ_SYS_TRANS, requestOffset=0
2019-03-05 23:25:22 INFO TransactionalMessageCheckService - No new msg, the miss offset=0 in=MessageQueue [topic=RMQ_SYS_TRANS_HALF_TOPIC, brokerName=e46b0b9bebe4, queueId=0], continue check=2, pull result=PullResult [pullStatus=NO_NEW_MSG, nextBeginOffset=0, minOffset=0, maxOffset=0, msgFoundList=0]
2019-03-05 23:25:22 INFO TransactionalMessageCheckService - End to check prepare message, consumed time:1
2019-03-05 23:26:22 INFO TransactionalMessageCheckService - Begin to check prepare message, begin time:1551799582789
2019-03-05 23:26:22 INFO TransactionalMessageCheckService - Check topic=RMQ_SYS_TRANS_HALF_TOPIC, queues=[MessageQueue [topic=RMQ_SYS_TRANS_HALF_TOPIC, brokerName=e46b0b9bebe4, queueId=0]]
2019-03-05 23:26:22 INFO TransactionalMessageCheckService - Before check, the queue=MessageQueue [topic=RMQ_SYS_TRANS_HALF_TOPIC, brokerName=e46b0b9bebe4, queueId=0] msgOffset=0 opOffset=0
2019-03-05 23:26:22 WARN TransactionalMessageCheckService - No new message. GetMessageStatus=NO_MESSAGE_IN_QUEUE, topic=RMQ_SYS_TRANS_OP_HALF_TOPIC, groupId=CID_RMQ_SYS_TRANS, requestOffset=0
2019-03-05 23:26:22 WARN TransactionalMessageCheckService - The miss op offset=0 in queue=MessageQueue [topic=RMQ_SYS_TRANS_OP_HALF_TOPIC, brokerName=e46b0b9bebe4, queueId=0] is NO_NEW_MSG, pullResult=PullResult [pullStatus=NO_NEW_MSG, nextBeginOffset=0, minOffset=0, maxOffset=0, msgFoundList=0]
2019-03-05 23:26:22 WARN TransactionalMessageCheckService - No new message. GetMessageStatus=NO_MESSAGE_IN_QUEUE, topic=RMQ_SYS_TRANS_HALF_TOPIC, groupId=CID_RMQ_SYS_TRANS, requestOffset=0
2019-03-05 23:26:22 INFO TransactionalMessageCheckService - No new msg, the miss offset=0 in=MessageQueue [topic=RMQ_SYS_TRANS_HALF_TOPIC, brokerName=e46b0b9bebe4, queueId=0], continue check=2, pull result=PullResult [pullStatus=NO_NEW_MSG, nextBeginOffset=0, minOffset=0, maxOffset=0, msgFoundList=0]
2019-03-05 23:26:22 INFO TransactionalMessageCheckService - End to check prepare message, consumed time:1
2019-03-05 23:27:22 INFO TransactionalMessageCheckService - Begin to check prepare message, begin time:1551799642747
2019-03-05 23:27:22 INFO TransactionalMessageCheckService - Check topic=RMQ_SYS_TRANS_HALF_TOPIC, queues=[MessageQueue [topic=RMQ_SYS_TRANS_HALF_TOPIC, brokerName=e46b0b9bebe4, queueId=0]]
2019-03-05 23:27:22 INFO TransactionalMessageCheckService - Before check, the queue=MessageQueue [topic=RMQ_SYS_TRANS_HALF_TOPIC, brokerName=e46b0b9bebe4, queueId=0] msgOffset=0 opOffset=0
2019-03-05 23:27:22 WARN TransactionalMessageCheckService - No new message. GetMessageStatus=NO_MESSAGE_IN_QUEUE, topic=RMQ_SYS_TRANS_OP_HALF_TOPIC, groupId=CID_RMQ_SYS_TRANS, requestOffset=0
2019-03-05 23:27:22 WARN TransactionalMessageCheckService - The miss op offset=0 in queue=MessageQueue [topic=RMQ_SYS_TRANS_OP_HALF_TOPIC, brokerName=e46b0b9bebe4, queueId=0] is NO_NEW_MSG, pullResult=PullResult [pullStatus=NO_NEW_MSG, nextBeginOffset=0, minOffset=0, maxOffset=0, msgFoundList=0]
2019-03-05 23:27:22 WARN TransactionalMessageCheckService - No new message. GetMessageStatus=NO_MESSAGE_IN_QUEUE, topic=RMQ_SYS_TRANS_HALF_TOPIC, groupId=CID_RMQ_SYS_TRANS, requestOffset=0
2019-03-05 23:27:22 INFO TransactionalMessageCheckService - No new msg, the miss offset=0 in=MessageQueue [topic=RMQ_SYS_TRANS_HALF_TOPIC, brokerName=e46b0b9bebe4, queueId=0], continue check=2, pull result=PullResult [pullStatus=NO_NEW_MSG, nextBeginOffset=0, minOffset=0, maxOffset=0, msgFoundList=0]
2019-03-05 23:27:22 INFO TransactionalMessageCheckService - End to check prepare message, consumed time:2
2019-03-05 23:28:22 INFO TransactionalMessageCheckService - Begin to check prepare message, begin time:1551799702706
2019-03-05 23:28:22 INFO TransactionalMessageCheckService - Check topic=RMQ_SYS_TRANS_HALF_TOPIC, queues=[MessageQueue [topic=RMQ_SYS_TRANS_HALF_TOPIC, brokerName=e46b0b9bebe4, queueId=0]]
2019-03-05 23:28:22 INFO TransactionalMessageCheckService - Before check, the queue=MessageQueue [topic=RMQ_SYS_TRANS_HALF_TOPIC, brokerName=e46b0b9bebe4, queueId=0] msgOffset=0 opOffset=0
2019-03-05 23:28:22 WARN TransactionalMessageCheckService - No new message. GetMessageStatus=NO_MESSAGE_IN_QUEUE, topic=RMQ_SYS_TRANS_OP_HALF_TOPIC, groupId=CID_RMQ_SYS_TRANS, requestOffset=0
2019-03-05 23:28:22 WARN TransactionalMessageCheckService - The miss op offset=0 in queue=MessageQueue [topic=RMQ_SYS_TRANS_OP_HALF_TOPIC, brokerName=e46b0b9bebe4, queueId=0] is NO_NEW_MSG, pullResult=PullResult [pullStatus=NO_NEW_MSG, nextBeginOffset=0, minOffset=0, maxOffset=0, msgFoundList=0]
2019-03-05 23:28:22 WARN TransactionalMessageCheckService - No new message. GetMessageStatus=NO_MESSAGE_IN_QUEUE, topic=RMQ_SYS_TRANS_HALF_TOPIC, groupId=CID_RMQ_SYS_TRANS, requestOffset=0
2019-03-05 23:28:22 INFO TransactionalMessageCheckService - No new msg, the miss offset=0 in=MessageQueue [topic=RMQ_SYS_TRANS_HALF_TOPIC, brokerName=e46b0b9bebe4, queueId=0], continue check=2, pull result=PullResult [pullStatus=NO_NEW_MSG, nextBeginOffset=0, minOffset=0, maxOffset=0, msgFoundList=0]
2019-03-05 23:28:22 INFO TransactionalMessageCheckService - End to check prepare message, consumed time:0
2019-03-05 23:29:22 INFO TransactionalMessageCheckService - Begin to check prepare message, begin time:1551799762662
2019-03-05 23:29:22 INFO TransactionalMessageCheckService - Check topic=RMQ_SYS_TRANS_HALF_TOPIC, queues=[MessageQueue [topic=RMQ_SYS_TRANS_HALF_TOPIC, brokerName=e46b0b9bebe4, queueId=0]]
2019-03-05 23:29:22 INFO TransactionalMessageCheckService - Before check, the queue=MessageQueue [topic=RMQ_SYS_TRANS_HALF_TOPIC, brokerName=e46b0b9bebe4, queueId=0] msgOffset=0 opOffset=0
2019-03-05 23:29:22 WARN TransactionalMessageCheckService - No new message. GetMessageStatus=NO_MESSAGE_IN_QUEUE, topic=RMQ_SYS_TRANS_OP_HALF_TOPIC, groupId=CID_RMQ_SYS_TRANS, requestOffset=0
2019-03-05 23:29:22 WARN TransactionalMessageCheckService - The miss op offset=0 in queue=MessageQueue [topic=RMQ_SYS_TRANS_OP_HALF_TOPIC, brokerName=e46b0b9bebe4, queueId=0] is NO_NEW_MSG, pullResult=PullResult [pullStatus=NO_NEW_MSG, nextBeginOffset=0, minOffset=0, maxOffset=0, msgFoundList=0]
2019-03-05 23:29:22 WARN TransactionalMessageCheckService - No new message. GetMessageStatus=NO_MESSAGE_IN_QUEUE, topic=RMQ_SYS_TRANS_HALF_TOPIC, groupId=CID_RMQ_SYS_TRANS, requestOffset=0
2019-03-05 23:29:22 INFO TransactionalMessageCheckService - No new msg, the miss offset=0 in=MessageQueue [topic=RMQ_SYS_TRANS_HALF_TOPIC, brokerName=e46b0b9bebe4, queueId=0], continue check=2, pull result=PullResult [pullStatus=NO_NEW_MSG, nextBeginOffset=0, minOffset=0, maxOffset=0, msgFoundList=0]
2019-03-05 23:29:22 INFO TransactionalMessageCheckService - End to check prepare message, consumed time:2
2019-03-05 23:30:22 INFO TransactionalMessageCheckService - Begin to check prepare message, begin time:1551799822620
2019-03-05 23:30:22 INFO TransactionalMessageCheckService - Check topic=RMQ_SYS_TRANS_HALF_TOPIC, queues=[MessageQueue [topic=RMQ_SYS_TRANS_HALF_TOPIC, brokerName=e46b0b9bebe4, queueId=0]]
2019-03-05 23:30:22 INFO TransactionalMessageCheckService - Before check, the queue=MessageQueue [topic=RMQ_SYS_TRANS_HALF_TOPIC, brokerName=e46b0b9bebe4, queueId=0] msgOffset=0 opOffset=0
2019-03-05 23:30:22 WARN TransactionalMessageCheckService - No new message. GetMessageStatus=NO_MESSAGE_IN_QUEUE, topic=RMQ_SYS_TRANS_OP_HALF_TOPIC, groupId=CID_RMQ_SYS_TRANS, requestOffset=0
2019-03-05 23:30:22 WARN TransactionalMessageCheckService - The miss op offset=0 in queue=MessageQueue [topic=RMQ_SYS_TRANS_OP_HALF_TOPIC, brokerName=e46b0b9bebe4, queueId=0] is NO_NEW_MSG, pullResult=PullResult [pullStatus=NO_NEW_MSG, nextBeginOffset=0, minOffset=0, maxOffset=0, msgFoundList=0]
2019-03-05 23:30:22 WARN TransactionalMessageCheckService - No new message. GetMessageStatus=NO_MESSAGE_IN_QUEUE, topic=RMQ_SYS_TRANS_HALF_TOPIC, groupId=CID_RMQ_SYS_TRANS, requestOffset=0
2019-03-05 23:30:22 INFO TransactionalMessageCheckService - No new msg, the miss offset=0 in=MessageQueue [topic=RMQ_SYS_TRANS_HALF_TOPIC, brokerName=e46b0b9bebe4, queueId=0], continue check=2, pull result=PullResult [pullStatus=NO_NEW_MSG, nextBeginOffset=0, minOffset=0, maxOffset=0, msgFoundList=0]
2019-03-05 23:30:22 INFO TransactionalMessageCheckService - End to check prepare message, consumed time:1
2019-03-05 23:31:22 INFO TransactionalMessageCheckService - Begin to check prepare message, begin time:1551799882577
2019-03-05 23:31:22 INFO TransactionalMessageCheckService - Check topic=RMQ_SYS_TRANS_HALF_TOPIC, queues=[MessageQueue [topic=RMQ_SYS_TRANS_HALF_TOPIC, brokerName=e46b0b9bebe4, queueId=0]]
2019-03-05 23:31:22 INFO TransactionalMessageCheckService - Before check, the queue=MessageQueue [topic=RMQ_SYS_TRANS_HALF_TOPIC, brokerName=e46b0b9bebe4, queueId=0] msgOffset=0 opOffset=0
2019-03-05 23:31:22 WARN TransactionalMessageCheckService - No new message. GetMessageStatus=NO_MESSAGE_IN_QUEUE, topic=RMQ_SYS_TRANS_OP_HALF_TOPIC, groupId=CID_RMQ_SYS_TRANS, requestOffset=0
2019-03-05 23:31:22 WARN TransactionalMessageCheckService - The miss op offset=0 in queue=MessageQueue [topic=RMQ_SYS_TRANS_OP_HALF_TOPIC, brokerName=e46b0b9bebe4, queueId=0] is NO_NEW_MSG, pullResult=PullResult [pullStatus=NO_NEW_MSG, nextBeginOffset=0, minOffset=0, maxOffset=0, msgFoundList=0]
2019-03-05 23:31:22 WARN TransactionalMessageCheckService - No new message. GetMessageStatus=NO_MESSAGE_IN_QUEUE, topic=RMQ_SYS_TRANS_HALF_TOPIC, groupId=CID_RMQ_SYS_TRANS, requestOffset=0
2019-03-05 23:31:22 INFO TransactionalMessageCheckService - No new msg, the miss offset=0 in=MessageQueue [topic=RMQ_SYS_TRANS_HALF_TOPIC, brokerName=e46b0b9bebe4, queueId=0], continue check=2, pull result=PullResult [pullStatus=NO_NEW_MSG, nextBeginOffset=0, minOffset=0, maxOffset=0, msgFoundList=0]
2019-03-05 23:31:22 INFO TransactionalMessageCheckService - End to check prepare message, consumed time:1
2019-03-05 23:32:22 INFO TransactionalMessageCheckService - Begin to check prepare message, begin time:1551799942534
2019-03-05 23:32:22 INFO TransactionalMessageCheckService - Check topic=RMQ_SYS_TRANS_HALF_TOPIC, queues=[MessageQueue [topic=RMQ_SYS_TRANS_HALF_TOPIC, brokerName=e46b0b9bebe4, queueId=0]]
2019-03-05 23:32:22 INFO TransactionalMessageCheckService - Before check, the queue=MessageQueue [topic=RMQ_SYS_TRANS_HALF_TOPIC, brokerName=e46b0b9bebe4, queueId=0] msgOffset=0 opOffset=0
2019-03-05 23:32:22 WARN TransactionalMessageCheckService - No new message. GetMessageStatus=NO_MESSAGE_IN_QUEUE, topic=RMQ_SYS_TRANS_OP_HALF_TOPIC, groupId=CID_RMQ_SYS_TRANS, requestOffset=0
2019-03-05 23:32:22 WARN TransactionalMessageCheckService - The miss op offset=0 in queue=MessageQueue [topic=RMQ_SYS_TRANS_OP_HALF_TOPIC, brokerName=e46b0b9bebe4, queueId=0] is NO_NEW_MSG, pullResult=PullResult [pullStatus=NO_NEW_MSG, nextBeginOffset=0, minOffset=0, maxOffset=0, msgFoundList=0]
2019-03-05 23:32:22 WARN TransactionalMessageCheckService - No new message. GetMessageStatus=NO_MESSAGE_IN_QUEUE, topic=RMQ_SYS_TRANS_HALF_TOPIC, groupId=CID_RMQ_SYS_TRANS, requestOffset=0
2019-03-05 23:32:22 INFO TransactionalMessageCheckService - No new msg, the miss offset=0 in=MessageQueue [topic=RMQ_SYS_TRANS_HALF_TOPIC, brokerName=e46b0b9bebe4, queueId=0], continue check=2, pull result=PullResult [pullStatus=NO_NEW_MSG, nextBeginOffset=0, minOffset=0, maxOffset=0, msgFoundList=0]
2019-03-05 23:32:22 INFO TransactionalMessageCheckService - End to check prepare message, consumed time:0
2019-03-05 23:33:22 INFO TransactionalMessageCheckService - Begin to check prepare message, begin time:1551800002491
2019-03-05 23:33:22 INFO TransactionalMessageCheckService - Check topic=RMQ_SYS_TRANS_HALF_TOPIC, queues=[MessageQueue [topic=RMQ_SYS_TRANS_HALF_TOPIC, brokerName=e46b0b9bebe4, queueId=0]]
2019-03-05 23:33:22 INFO TransactionalMessageCheckService - Before check, the queue=MessageQueue [topic=RMQ_SYS_TRANS_HALF_TOPIC, brokerName=e46b0b9bebe4, queueId=0] msgOffset=0 opOffset=0
2019-03-05 23:33:22 WARN TransactionalMessageCheckService - No new message. GetMessageStatus=NO_MESSAGE_IN_QUEUE, topic=RMQ_SYS_TRANS_OP_HALF_TOPIC, groupId=CID_RMQ_SYS_TRANS, requestOffset=0
2019-03-05 23:33:22 WARN TransactionalMessageCheckService - The miss op offset=0 in queue=MessageQueue [topic=RMQ_SYS_TRANS_OP_HALF_TOPIC, brokerName=e46b0b9bebe4, queueId=0] is NO_NEW_MSG, pullResult=PullResult [pullStatus=NO_NEW_MSG, nextBeginOffset=0, minOffset=0, maxOffset=0, msgFoundList=0]
2019-03-05 23:33:22 WARN TransactionalMessageCheckService - No new message. GetMessageStatus=NO_MESSAGE_IN_QUEUE, topic=RMQ_SYS_TRANS_HALF_TOPIC, groupId=CID_RMQ_SYS_TRANS, requestOffset=0
2019-03-05 23:33:22 INFO TransactionalMessageCheckService - No new msg, the miss offset=0 in=MessageQueue [topic=RMQ_SYS_TRANS_HALF_TOPIC, brokerName=e46b0b9bebe4, queueId=0], continue check=2, pull result=PullResult [pullStatus=NO_NEW_MSG, nextBeginOffset=0, minOffset=0, maxOffset=0, msgFoundList=0]
2019-03-05 23:33:22 INFO TransactionalMessageCheckService - End to check prepare message, consumed time:0
2019-03-05 23:34:22 INFO TransactionalMessageCheckService - Begin to check prepare message, begin time:1551800062448
2019-03-05 23:34:22 INFO TransactionalMessageCheckService - Check topic=RMQ_SYS_TRANS_HALF_TOPIC, queues=[MessageQueue [topic=RMQ_SYS_TRANS_HALF_TOPIC, brokerName=e46b0b9bebe4, queueId=0]]
2019-03-05 23:34:22 INFO TransactionalMessageCheckService - Before check, the queue=MessageQueue [topic=RMQ_SYS_TRANS_HALF_TOPIC, brokerName=e46b0b9bebe4, queueId=0] msgOffset=0 opOffset=0
2019-03-05 23:34:22 WARN TransactionalMessageCheckService - No new message. GetMessageStatus=NO_MESSAGE_IN_QUEUE, topic=RMQ_SYS_TRANS_OP_HALF_TOPIC, groupId=CID_RMQ_SYS_TRANS, requestOffset=0
2019-03-05 23:34:22 WARN TransactionalMessageCheckService - The miss op offset=0 in queue=MessageQueue [topic=RMQ_SYS_TRANS_OP_HALF_TOPIC, brokerName=e46b0b9bebe4, queueId=0] is NO_NEW_MSG, pullResult=PullResult [pullStatus=NO_NEW_MSG, nextBeginOffset=0, minOffset=0, maxOffset=0, msgFoundList=0]
2019-03-05 23:34:22 WARN TransactionalMessageCheckService - No new message. GetMessageStatus=NO_MESSAGE_IN_QUEUE, topic=RMQ_SYS_TRANS_HALF_TOPIC, groupId=CID_RMQ_SYS_TRANS, requestOffset=0
2019-03-05 23:34:22 INFO TransactionalMessageCheckService - No new msg, the miss offset=0 in=MessageQueue [topic=RMQ_SYS_TRANS_HALF_TOPIC, brokerName=e46b0b9bebe4, queueId=0], continue check=2, pull result=PullResult [pullStatus=NO_NEW_MSG, nextBeginOffset=0, minOffset=0, maxOffset=0, msgFoundList=0]
2019-03-05 23:34:22 INFO TransactionalMessageCheckService - End to check prepare message, consumed time:1
2019-03-05 23:35:22 INFO TransactionalMessageCheckService - Begin to check prepare message, begin time:1551800122405
2019-03-05 23:35:22 INFO TransactionalMessageCheckService - Check topic=RMQ_SYS_TRANS_HALF_TOPIC, queues=[MessageQueue [topic=RMQ_SYS_TRANS_HALF_TOPIC, brokerName=e46b0b9bebe4, queueId=0]]
2019-03-05 23:35:22 INFO TransactionalMessageCheckService - Before check, the queue=MessageQueue [topic=RMQ_SYS_TRANS_HALF_TOPIC, brokerName=e46b0b9bebe4, queueId=0] msgOffset=0 opOffset=0
2019-03-05 23:35:22 WARN TransactionalMessageCheckService - No new message. GetMessageStatus=NO_MESSAGE_IN_QUEUE, topic=RMQ_SYS_TRANS_OP_HALF_TOPIC, groupId=CID_RMQ_SYS_TRANS, requestOffset=0
2019-03-05 23:35:22 WARN TransactionalMessageCheckService - The miss op offset=0 in queue=MessageQueue [topic=RMQ_SYS_TRANS_OP_HALF_TOPIC, brokerName=e46b0b9bebe4, queueId=0] is NO_NEW_MSG, pullResult=PullResult [pullStatus=NO_NEW_MSG, nextBeginOffset=0, minOffset=0, maxOffset=0, msgFoundList=0]
2019-03-05 23:35:22 WARN TransactionalMessageCheckService - No new message. GetMessageStatus=NO_MESSAGE_IN_QUEUE, topic=RMQ_SYS_TRANS_HALF_TOPIC, groupId=CID_RMQ_SYS_TRANS, requestOffset=0
2019-03-05 23:35:22 INFO TransactionalMessageCheckService - No new msg, the miss offset=0 in=MessageQueue [topic=RMQ_SYS_TRANS_HALF_TOPIC, brokerName=e46b0b9bebe4, queueId=0], continue check=2, pull result=PullResult [pullStatus=NO_NEW_MSG, nextBeginOffset=0, minOffset=0, maxOffset=0, msgFoundList=0]
2019-03-05 23:35:22 INFO TransactionalMessageCheckService - End to check prepare message, consumed time:1
2019-03-05 23:35:41 INFO TransactionalMessageCheckService - Start transaction check service thread!
2019-03-05 23:36:40 INFO TransactionalMessageCheckService - Begin to check prepare message, begin time:1551800200979
2019-03-05 23:36:40 INFO TransactionalMessageCheckService - Check topic=RMQ_SYS_TRANS_HALF_TOPIC, queues=[MessageQueue [topic=RMQ_SYS_TRANS_HALF_TOPIC, brokerName=6190a217c10a, queueId=0]]
2019-03-05 23:36:40 INFO TransactionalMessageCheckService - Before check, the queue=MessageQueue [topic=RMQ_SYS_TRANS_HALF_TOPIC, brokerName=6190a217c10a, queueId=0] msgOffset=0 opOffset=0
2019-03-05 23:36:40 WARN TransactionalMessageCheckService - No new message. GetMessageStatus=NO_MESSAGE_IN_QUEUE, topic=RMQ_SYS_TRANS_OP_HALF_TOPIC, groupId=CID_RMQ_SYS_TRANS, requestOffset=0
2019-03-05 23:36:40 WARN TransactionalMessageCheckService - The miss op offset=0 in queue=MessageQueue [topic=RMQ_SYS_TRANS_OP_HALF_TOPIC, brokerName=6190a217c10a, queueId=0] is NO_NEW_MSG, pullResult=PullResult [pullStatus=NO_NEW_MSG, nextBeginOffset=0, minOffset=0, maxOffset=0, msgFoundList=0]
2019-03-05 23:36:40 WARN TransactionalMessageCheckService - No new message. GetMessageStatus=NO_MESSAGE_IN_QUEUE, topic=RMQ_SYS_TRANS_HALF_TOPIC, groupId=CID_RMQ_SYS_TRANS, requestOffset=0
2019-03-05 23:36:40 INFO TransactionalMessageCheckService - No new msg, the miss offset=0 in=MessageQueue [topic=RMQ_SYS_TRANS_HALF_TOPIC, brokerName=6190a217c10a, queueId=0], continue check=2, pull result=PullResult [pullStatus=NO_NEW_MSG, nextBeginOffset=0, minOffset=0, maxOffset=0, msgFoundList=0]
2019-03-05 23:36:40 INFO TransactionalMessageCheckService - End to check prepare message, consumed time:19
2019-03-05 23:37:40 INFO TransactionalMessageCheckService - Begin to check prepare message, begin time:1551800260984
2019-03-05 23:37:40 INFO TransactionalMessageCheckService - Check topic=RMQ_SYS_TRANS_HALF_TOPIC, queues=[MessageQueue [topic=RMQ_SYS_TRANS_HALF_TOPIC, brokerName=6190a217c10a, queueId=0]]
2019-03-05 23:37:40 INFO TransactionalMessageCheckService - Before check, the queue=MessageQueue [topic=RMQ_SYS_TRANS_HALF_TOPIC, brokerName=6190a217c10a, queueId=0] msgOffset=0 opOffset=0
2019-03-05 23:37:40 WARN TransactionalMessageCheckService - No new message. GetMessageStatus=NO_MESSAGE_IN_QUEUE, topic=RMQ_SYS_TRANS_OP_HALF_TOPIC, groupId=CID_RMQ_SYS_TRANS, requestOffset=0
2019-03-05 23:37:40 WARN TransactionalMessageCheckService - The miss op offset=0 in queue=MessageQueue [topic=RMQ_SYS_TRANS_OP_HALF_TOPIC, brokerName=6190a217c10a, queueId=0] is NO_NEW_MSG, pullResult=PullResult [pullStatus=NO_NEW_MSG, nextBeginOffset=0, minOffset=0, maxOffset=0, msgFoundList=0]
2019-03-05 23:37:40 WARN TransactionalMessageCheckService - No new message. GetMessageStatus=NO_MESSAGE_IN_QUEUE, topic=RMQ_SYS_TRANS_HALF_TOPIC, groupId=CID_RMQ_SYS_TRANS, requestOffset=0
2019-03-05 23:37:40 INFO TransactionalMessageCheckService - No new msg, the miss offset=0 in=MessageQueue [topic=RMQ_SYS_TRANS_HALF_TOPIC, brokerName=6190a217c10a, queueId=0], continue check=2, pull result=PullResult [pullStatus=NO_NEW_MSG, nextBeginOffset=0, minOffset=0, maxOffset=0, msgFoundList=0]
2019-03-05 23:37:40 INFO TransactionalMessageCheckService - End to check prepare message, consumed time:2
2019-03-05 23:38:40 INFO TransactionalMessageCheckService - Begin to check prepare message, begin time:1551800320949
2019-03-05 23:38:40 INFO TransactionalMessageCheckService - Check topic=RMQ_SYS_TRANS_HALF_TOPIC, queues=[MessageQueue [topic=RMQ_SYS_TRANS_HALF_TOPIC, brokerName=6190a217c10a, queueId=0]]
2019-03-05 23:38:40 INFO TransactionalMessageCheckService - Before check, the queue=MessageQueue [topic=RMQ_SYS_TRANS_HALF_TOPIC, brokerName=6190a217c10a, queueId=0] msgOffset=0 opOffset=0
2019-03-05 23:38:40 WARN TransactionalMessageCheckService - No new message. GetMessageStatus=NO_MESSAGE_IN_QUEUE, topic=RMQ_SYS_TRANS_OP_HALF_TOPIC, groupId=CID_RMQ_SYS_TRANS, requestOffset=0
2019-03-05 23:38:40 WARN TransactionalMessageCheckService - The miss op offset=0 in queue=MessageQueue [topic=RMQ_SYS_TRANS_OP_HALF_TOPIC, brokerName=6190a217c10a, queueId=0] is NO_NEW_MSG, pullResult=PullResult [pullStatus=NO_NEW_MSG, nextBeginOffset=0, minOffset=0, maxOffset=0, msgFoundList=0]
2019-03-05 23:38:40 WARN TransactionalMessageCheckService - No new message. GetMessageStatus=NO_MESSAGE_IN_QUEUE, topic=RMQ_SYS_TRANS_HALF_TOPIC, groupId=CID_RMQ_SYS_TRANS, requestOffset=0
2019-03-05 23:38:40 INFO TransactionalMessageCheckService - No new msg, the miss offset=0 in=MessageQueue [topic=RMQ_SYS_TRANS_HALF_TOPIC, brokerName=6190a217c10a, queueId=0], continue check=2, pull result=PullResult [pullStatus=NO_NEW_MSG, nextBeginOffset=0, minOffset=0, maxOffset=0, msgFoundList=0]
2019-03-05 23:38:40 INFO TransactionalMessageCheckService - End to check prepare message, consumed time:0
2019-03-05 23:39:40 INFO TransactionalMessageCheckService - Begin to check prepare message, begin time:1551800380905
2019-03-05 23:39:40 INFO TransactionalMessageCheckService - Check topic=RMQ_SYS_TRANS_HALF_TOPIC, queues=[MessageQueue [topic=RMQ_SYS_TRANS_HALF_TOPIC, brokerName=6190a217c10a, queueId=0]]
2019-03-05 23:39:40 INFO TransactionalMessageCheckService - Before check, the queue=MessageQueue [topic=RMQ_SYS_TRANS_HALF_TOPIC, brokerName=6190a217c10a, queueId=0] msgOffset=0 opOffset=0
2019-03-05 23:39:40 WARN TransactionalMessageCheckService - No new message. GetMessageStatus=NO_MESSAGE_IN_QUEUE, topic=RMQ_SYS_TRANS_OP_HALF_TOPIC, groupId=CID_RMQ_SYS_TRANS, requestOffset=0
2019-03-05 23:39:40 WARN TransactionalMessageCheckService - The miss op offset=0 in queue=MessageQueue [topic=RMQ_SYS_TRANS_OP_HALF_TOPIC, brokerName=6190a217c10a, queueId=0] is NO_NEW_MSG, pullResult=PullResult [pullStatus=NO_NEW_MSG, nextBeginOffset=0, minOffset=0, maxOffset=0, msgFoundList=0]
2019-03-05 23:39:40 WARN TransactionalMessageCheckService - No new message. GetMessageStatus=NO_MESSAGE_IN_QUEUE, topic=RMQ_SYS_TRANS_HALF_TOPIC, groupId=CID_RMQ_SYS_TRANS, requestOffset=0
2019-03-05 23:39:40 INFO TransactionalMessageCheckService - No new msg, the miss offset=0 in=MessageQueue [topic=RMQ_SYS_TRANS_HALF_TOPIC, brokerName=6190a217c10a, queueId=0], continue check=2, pull result=PullResult [pullStatus=NO_NEW_MSG, nextBeginOffset=0, minOffset=0, maxOffset=0, msgFoundList=0]
2019-03-05 23:39:40 INFO TransactionalMessageCheckService - End to check prepare message, consumed time:1
2019-03-05 23:40:55 INFO TransactionalMessageCheckService - Start transaction check service thread!
2019-03-05 23:41:55 INFO TransactionalMessageCheckService - Begin to check prepare message, begin time:1551800515523
2019-03-05 23:41:55 INFO TransactionalMessageCheckService - Check topic=RMQ_SYS_TRANS_HALF_TOPIC, queues=[MessageQueue [topic=RMQ_SYS_TRANS_HALF_TOPIC, brokerName=f9b091a039a9, queueId=0]]
2019-03-05 23:41:55 INFO TransactionalMessageCheckService - Before check, the queue=MessageQueue [topic=RMQ_SYS_TRANS_HALF_TOPIC, brokerName=f9b091a039a9, queueId=0] msgOffset=0 opOffset=0
2019-03-05 23:41:55 WARN TransactionalMessageCheckService - No new message. GetMessageStatus=NO_MESSAGE_IN_QUEUE, topic=RMQ_SYS_TRANS_OP_HALF_TOPIC, groupId=CID_RMQ_SYS_TRANS, requestOffset=0
2019-03-05 23:41:55 WARN TransactionalMessageCheckService - The miss op offset=0 in queue=MessageQueue [topic=RMQ_SYS_TRANS_OP_HALF_TOPIC, brokerName=f9b091a039a9, queueId=0] is NO_NEW_MSG, pullResult=PullResult [pullStatus=NO_NEW_MSG, nextBeginOffset=0, minOffset=0, maxOffset=0, msgFoundList=0]
2019-03-05 23:41:55 WARN TransactionalMessageCheckService - No new message. GetMessageStatus=NO_MESSAGE_IN_QUEUE, topic=RMQ_SYS_TRANS_HALF_TOPIC, groupId=CID_RMQ_SYS_TRANS, requestOffset=0
2019-03-05 23:41:55 INFO TransactionalMessageCheckService - No new msg, the miss offset=0 in=MessageQueue [topic=RMQ_SYS_TRANS_HALF_TOPIC, brokerName=f9b091a039a9, queueId=0], continue check=2, pull result=PullResult [pullStatus=NO_NEW_MSG, nextBeginOffset=0, minOffset=0, maxOffset=0, msgFoundList=0]
2019-03-05 23:41:55 INFO TransactionalMessageCheckService - End to check prepare message, consumed time:30
2019-03-05 23:42:55 INFO TransactionalMessageCheckService - Begin to check prepare message, begin time:1551800575510
2019-03-05 23:42:55 INFO TransactionalMessageCheckService - Check topic=RMQ_SYS_TRANS_HALF_TOPIC, queues=[MessageQueue [topic=RMQ_SYS_TRANS_HALF_TOPIC, brokerName=f9b091a039a9, queueId=0]]
2019-03-05 23:42:55 INFO TransactionalMessageCheckService - Before check, the queue=MessageQueue [topic=RMQ_SYS_TRANS_HALF_TOPIC, brokerName=f9b091a039a9, queueId=0] msgOffset=0 opOffset=0
2019-03-05 23:42:55 WARN TransactionalMessageCheckService - No new message. GetMessageStatus=NO_MESSAGE_IN_QUEUE, topic=RMQ_SYS_TRANS_OP_HALF_TOPIC, groupId=CID_RMQ_SYS_TRANS, requestOffset=0
2019-03-05 23:42:55 WARN TransactionalMessageCheckService - The miss op offset=0 in queue=MessageQueue [topic=RMQ_SYS_TRANS_OP_HALF_TOPIC, brokerName=f9b091a039a9, queueId=0] is NO_NEW_MSG, pullResult=PullResult [pullStatus=NO_NEW_MSG, nextBeginOffset=0, minOffset=0, maxOffset=0, msgFoundList=0]
2019-03-05 23:42:55 WARN TransactionalMessageCheckService - No new message. GetMessageStatus=NO_MESSAGE_IN_QUEUE, topic=RMQ_SYS_TRANS_HALF_TOPIC, groupId=CID_RMQ_SYS_TRANS, requestOffset=0
2019-03-05 23:42:55 INFO TransactionalMessageCheckService - No new msg, the miss offset=0 in=MessageQueue [topic=RMQ_SYS_TRANS_HALF_TOPIC, brokerName=f9b091a039a9, queueId=0], continue check=2, pull result=PullResult [pullStatus=NO_NEW_MSG, nextBeginOffset=0, minOffset=0, maxOffset=0, msgFoundList=0]
2019-03-05 23:42:55 INFO TransactionalMessageCheckService - End to check prepare message, consumed time:0
2019-03-05 23:43:55 INFO TransactionalMessageCheckService - Begin to check prepare message, begin time:1551800635467
2019-03-05 23:43:55 INFO TransactionalMessageCheckService - Check topic=RMQ_SYS_TRANS_HALF_TOPIC, queues=[MessageQueue [topic=RMQ_SYS_TRANS_HALF_TOPIC, brokerName=f9b091a039a9, queueId=0]]
2019-03-05 23:43:55 INFO TransactionalMessageCheckService - Before check, the queue=MessageQueue [topic=RMQ_SYS_TRANS_HALF_TOPIC, brokerName=f9b091a039a9, queueId=0] msgOffset=0 opOffset=0
2019-03-05 23:43:55 WARN TransactionalMessageCheckService - No new message. GetMessageStatus=NO_MESSAGE_IN_QUEUE, topic=RMQ_SYS_TRANS_OP_HALF_TOPIC, groupId=CID_RMQ_SYS_TRANS, requestOffset=0
2019-03-05 23:43:55 WARN TransactionalMessageCheckService - The miss op offset=0 in queue=MessageQueue [topic=RMQ_SYS_TRANS_OP_HALF_TOPIC, brokerName=f9b091a039a9, queueId=0] is NO_NEW_MSG, pullResult=PullResult [pullStatus=NO_NEW_MSG, nextBeginOffset=0, minOffset=0, maxOffset=0, msgFoundList=0]
2019-03-05 23:43:55 WARN TransactionalMessageCheckService - No new message. GetMessageStatus=NO_MESSAGE_IN_QUEUE, topic=RMQ_SYS_TRANS_HALF_TOPIC, groupId=CID_RMQ_SYS_TRANS, requestOffset=0
2019-03-05 23:43:55 INFO TransactionalMessageCheckService - No new msg, the miss offset=0 in=MessageQueue [topic=RMQ_SYS_TRANS_HALF_TOPIC, brokerName=f9b091a039a9, queueId=0], continue check=2, pull result=PullResult [pullStatus=NO_NEW_MSG, nextBeginOffset=0, minOffset=0, maxOffset=0, msgFoundList=0]
2019-03-05 23:43:55 INFO TransactionalMessageCheckService - End to check prepare message, consumed time:0
2019-03-05 23:44:55 INFO TransactionalMessageCheckService - Begin to check prepare message, begin time:1551800695424
2019-03-05 23:44:55 INFO TransactionalMessageCheckService - Check topic=RMQ_SYS_TRANS_HALF_TOPIC, queues=[MessageQueue [topic=RMQ_SYS_TRANS_HALF_TOPIC, brokerName=f9b091a039a9, queueId=0]]
2019-03-05 23:44:55 INFO TransactionalMessageCheckService - Before check, the queue=MessageQueue [topic=RMQ_SYS_TRANS_HALF_TOPIC, brokerName=f9b091a039a9, queueId=0] msgOffset=0 opOffset=0
2019-03-05 23:44:55 WARN TransactionalMessageCheckService - No new message. GetMessageStatus=NO_MESSAGE_IN_QUEUE, topic=RMQ_SYS_TRANS_OP_HALF_TOPIC, groupId=CID_RMQ_SYS_TRANS, requestOffset=0
2019-03-05 23:44:55 WARN TransactionalMessageCheckService - The miss op offset=0 in queue=MessageQueue [topic=RMQ_SYS_TRANS_OP_HALF_TOPIC, brokerName=f9b091a039a9, queueId=0] is NO_NEW_MSG, pullResult=PullResult [pullStatus=NO_NEW_MSG, nextBeginOffset=0, minOffset=0, maxOffset=0, msgFoundList=0]
2019-03-05 23:44:55 WARN TransactionalMessageCheckService - No new message. GetMessageStatus=NO_MESSAGE_IN_QUEUE, topic=RMQ_SYS_TRANS_HALF_TOPIC, groupId=CID_RMQ_SYS_TRANS, requestOffset=0
2019-03-05 23:44:55 INFO TransactionalMessageCheckService - No new msg, the miss offset=0 in=MessageQueue [topic=RMQ_SYS_TRANS_HALF_TOPIC, brokerName=f9b091a039a9, queueId=0], continue check=2, pull result=PullResult [pullStatus=NO_NEW_MSG, nextBeginOffset=0, minOffset=0, maxOffset=0, msgFoundList=0]
2019-03-05 23:44:55 INFO TransactionalMessageCheckService - End to check prepare message, consumed time:3
